\BOOKMARK [0][]{chapter.1}{\376\377\0001\000\040\230\230\166\356\122\006\174\173}{}% 1
\BOOKMARK [0][]{chapter.2}{\376\377\0002\000\040\215\052\137\303\173\227\154\325}{}% 2
\BOOKMARK [1][]{section*.2}{\376\377\0006\0000\0005\000.\000\040\000C\000a\000n\000\040\000P\000l\000a\000c\000e\000\040\000F\000l\000o\000w\000e\000r\000s\000\040\000\050\000E\000a\000s\000y\000\051}{chapter.2}% 3
\BOOKMARK [1][]{lstnumber.-4.24}{\376\377\0004\0005\0002\000.\000\040\000M\000i\000n\000i\000m\000u\000m\000\040\000N\000u\000m\000b\000e\000r\000\040\000o\000f\000\040\000A\000r\000r\000o\000w\000s\000\040\000t\000o\000\040\000B\000u\000r\000s\000t\000\040\000B\000a\000l\000l\000o\000o\000n\000s\000\040\000\050\000M\000e\000d\000i\000u\000m\000\051}{chapter.2}% 4
\BOOKMARK [1][]{lstnumber.-6.17}{\376\377\0007\0006\0003\000.\000\040\000P\000a\000r\000t\000i\000t\000i\000o\000n\000\040\000L\000a\000b\000e\000l\000s\000\040\000\050\000M\000e\000d\000i\000u\000m\000\051}{chapter.2}% 5
\BOOKMARK [1][]{lstnumber.-8.17}{\376\377\0001\0002\0002\000.\000\040\000B\000e\000s\000t\000\040\000T\000i\000m\000e\000\040\000t\000o\000\040\000B\000u\000y\000\040\000a\000n\000d\000\040\000S\000e\000l\000l\000\040\000S\000t\000o\000c\000k\000\040\000I\000I\000\040\000\050\000E\000a\000s\000y\000\051}{chapter.2}% 6
\BOOKMARK [0][]{chapter.3}{\376\377\0003\000\040\123\314\143\007\224\210}{}% 7
\BOOKMARK [1][]{section*.3}{\376\377\0006\0003\0003\000.\000\040\000S\000u\000m\000\040\000o\000f\000\040\000S\000q\000u\000a\000r\000e\000\040\000N\000u\000m\000b\000e\000r\000s\000\040\000\050\000E\000a\000s\000y\000\051}{chapter.3}% 8
\BOOKMARK [1][]{lstnumber.-13.13}{\376\377\0006\0008\0000\000.\000\040\000V\000a\000l\000i\000d\000\040\000P\000a\000l\000i\000n\000d\000r\000o\000m\000e\000\040\000I\000I\000\040\000\050\000E\000a\000s\000y\000\051}{chapter.3}% 9
\BOOKMARK [1][]{lstnumber.-15.21}{\376\377\0005\0002\0004\000.\000\040\000L\000o\000n\000g\000e\000s\000t\000\040\000W\000o\000r\000d\000\040\000i\000n\000\040\000D\000i\000c\000t\000i\000o\000n\000a\000r\000y\000\040\000t\000h\000r\000o\000u\000g\000h\000\040\000D\000e\000l\000e\000t\000i\000n\000g\000\040\000\050\000M\000e\000d\000i\000u\000m\000\051}{chapter.3}% 10
\BOOKMARK [0][]{chapter.4}{\376\377\0004\000\040\116\214\122\006\147\345\142\176}{}% 11
\BOOKMARK [1][]{section*.4}{\376\377\0001\0005\0004\000.\000\040\000F\000i\000n\000d\000\040\000M\000i\000n\000i\000m\000u\000m\000\040\000i\000n\000\040\000R\000o\000t\000a\000t\000e\000d\000\040\000S\000o\000r\000t\000e\000d\000\040\000A\000r\000r\000a\000y\000\040\000I\000I\000\040\000\050\000M\000e\000d\000i\000u\000m\000\051}{chapter.4}% 12
\BOOKMARK [1][]{lstnumber.-19.15}{\376\377\0005\0004\0000\000.\000\040\000S\000i\000n\000g\000l\000e\000\040\000E\000l\000e\000m\000e\000n\000t\000\040\000i\000n\000\040\000a\000\040\000S\000o\000r\000t\000e\000d\000\040\000A\000r\000r\000a\000y\000\040\000\050\000M\000e\000d\000i\000u\000m\000\051}{chapter.4}% 13
\BOOKMARK [0][]{chapter.5}{\376\377\0005\000\040\143\222\136\217\173\227\154\325}{}% 14
\BOOKMARK [1][]{section*.5}{\376\377\0004\0005\0001\000.\000\040\000S\000o\000r\000t\000\040\000C\000h\000a\000r\000a\000c\000t\000e\000r\000s\000\040\000B\000y\000\040\000F\000r\000e\000q\000u\000e\000n\000c\000y\000\040\000\050\000M\000e\000d\000i\000u\000m\000\051}{chapter.5}% 15
\BOOKMARK [1][]{lstnumber.-25.22}{\376\377\0007\0005\000.\000\040\000S\000o\000r\000t\000\040\000C\000o\000l\000o\000r\000s\000\040\000\050\000M\000e\000d\000i\000u\000m\000\051}{chapter.5}% 16
\BOOKMARK [0][]{chapter.6}{\376\377\0006\000\040\144\034\175\042\173\227\154\325}{}% 17
\BOOKMARK [1][]{section*.6}{\376\377\0001\0003\0000\000.\000\040\000S\000u\000r\000r\000o\000u\000n\000d\000e\000d\000\040\000R\000e\000g\000i\000o\000n\000s\000\040\000\050\000M\000e\000d\000i\000u\000m\000\051}{chapter.6}% 18
\BOOKMARK [1][]{lstnumber.-31.52}{\376\377\0002\0005\0007\000.\000\040\000B\000i\000n\000a\000r\000y\000\040\000T\000r\000e\000e\000\040\000P\000a\000t\000h\000s\000\040\000\050\000E\000a\000s\000y\000\051}{chapter.6}% 19
\BOOKMARK [0][]{chapter.7}{\376\377\0007\000\040\122\250\140\001\211\304\122\022}{}% 20
\BOOKMARK [1][]{section*.7}{\376\377\0002\0001\0003\000.\000\040\000H\000o\000u\000s\000e\000\040\000R\000o\000b\000b\000e\000r\000\040\000I\000I\000\040\000\050\000M\000e\000d\000i\000u\000m\000\051}{chapter.7}% 21
\BOOKMARK [1][]{lstnumber.-36.19}{\376\377\0005\0003\000.\000\040\000M\000a\000x\000i\000m\000u\000m\000\040\000S\000u\000b\000a\000r\000r\000a\000y\000\040\000\050\000E\000a\000s\000y\000\051}{chapter.7}% 22
\BOOKMARK [0][]{chapter.8}{\376\377\0008\000\040\122\006\154\273\154\325}{}% 23
\BOOKMARK [1][]{section*.8}{\376\377\0009\0003\0002\000.\000\040\000B\000e\000a\000u\000t\000i\000f\000u\000l\000\040\000A\000r\000r\000a\000y\000\040\000\050\000M\000e\000d\000i\000u\000m\000\051}{chapter.8}% 24
\BOOKMARK [1][]{lstnumber.-40.22}{\376\377\0003\0001\0002\000.\000\040\000B\000u\000r\000s\000t\000\040\000B\000a\000l\000l\000o\000o\000n\000s\000\040\000\050\000H\000a\000r\000d\000\051}{chapter.8}% 25
\BOOKMARK [0][]{chapter.9}{\376\377\0009\000\040\145\160\133\146\225\356\230\230}{}% 26
\BOOKMARK [1][]{section*.9}{\376\377\0001\0006\0008\000.\000\040\000E\000x\000c\000e\000l\000\040\000S\000h\000e\000e\000t\000\040\000C\000o\000l\000u\000m\000n\000\040\000T\000i\000t\000l\000e\000\040\000\050\000E\000a\000s\000y\000\051}{chapter.9}% 27
\BOOKMARK [1][]{lstnumber.-45.10}{\376\377\0006\0007\000.\000\040\000A\000d\000d\000\040\000B\000i\000n\000a\000r\000y\000\040\000\050\000E\000a\000s\000y\000\051}{chapter.9}% 28
\BOOKMARK [1][]{lstnumber.-48.28}{\376\377\0002\0003\0008\000.\000\040\000P\000r\000o\000d\000u\000c\000t\000\040\000o\000f\000\040\000A\000r\000r\000a\000y\000\040\000E\000x\000c\000e\000p\000t\000\040\000S\000e\000l\000f\000\040\000\050\000M\000e\000d\000i\000u\000m\000\051}{chapter.9}% 29
\BOOKMARK [0][]{chapter.10}{\376\377\0001\0000\000\040\117\115\217\320\173\227}{}% 30
\BOOKMARK [1][]{section*.10}{\376\377\0002\0006\0008\000.\000\040\000M\000i\000s\000s\000i\000n\000g\000\040\000N\000u\000m\000b\000e\000r\000\040\000\050\000E\000a\000s\000y\000\051}{chapter.10}% 31
\BOOKMARK [1][]{lstnumber.-54.11}{\376\377\0006\0009\0003\000.\000\040\000B\000i\000n\000a\000r\000y\000\040\000N\000u\000m\000b\000e\000r\000\040\000w\000i\000t\000h\000\040\000A\000l\000t\000e\000r\000n\000a\000t\000i\000n\000g\000\040\000B\000i\000t\000s\000\040\000\050\000E\000a\000s\000y\000\051}{chapter.10}% 32
\BOOKMARK [1][]{lstnumber.-57.4}{\376\377\0004\0007\0006\000.\000\040\000N\000u\000m\000b\000e\000r\000\040\000C\000o\000m\000p\000l\000e\000m\000e\000n\000t\000\040\000\050\000E\000a\000s\000y\000\051}{chapter.10}% 33
\BOOKMARK [1][]{lstnumber.-59.13}{\376\377\0002\0006\0000\000.\000\040\000S\000i\000n\000g\000l\000e\000\040\000N\000u\000m\000b\000e\000r\000\040\000I\000I\000I\000\040\000\050\000M\000e\000d\000i\000u\000m\000\051}{chapter.10}% 34
\BOOKMARK [0][]{chapter.11}{\376\377\0001\0001\000\040\145\160\143\156\176\323\147\204}{}% 35
\BOOKMARK [1][]{section*.11}{\376\377\0005\0006\0006\000.\000\040\000R\000e\000s\000h\000a\000p\000e\000\040\000t\000h\000e\000\040\000M\000a\000t\000r\000i\000x\000\040\000\050\000E\000a\000s\000y\000\051}{chapter.11}% 36
\BOOKMARK [1][]{lstnumber.-64.11}{\376\377\0002\0002\0005\000.\000\040\000I\000m\000p\000l\000e\000m\000e\000n\000t\000\040\000S\000t\000a\000c\000k\000\040\000u\000s\000i\000n\000g\000\040\000Q\000u\000e\000u\000e\000s\000\040\000\050\000E\000a\000s\000y\000\051}{chapter.11}% 37
\BOOKMARK [1][]{lstnumber.-67.29}{\376\377\0005\0000\0003\000.\000\040\000N\000e\000x\000t\000\040\000G\000r\000e\000a\000t\000e\000r\000\040\000E\000l\000e\000m\000e\000n\000t\000\040\000I\000I\000\040\000\050\000M\000e\000d\000i\000u\000m\000\051}{chapter.11}% 38
\BOOKMARK [1][]{lstnumber.-69.13}{\376\377\0002\0001\0007\000.\000\040\000C\000o\000n\000t\000a\000i\000n\000s\000\040\000D\000u\000p\000l\000i\000c\000a\000t\000e\000\040\000\050\000E\000a\000s\000y\000\051}{chapter.11}% 39
\BOOKMARK [0][]{chapter.12}{\376\377\0001\0002\000\040\133\127\173\046\116\062}{}% 40
\BOOKMARK [1][]{section*.12}{\376\377\0004\0000\0009\000.\000\040\000L\000o\000n\000g\000e\000s\000t\000\040\000P\000a\000l\000i\000n\000d\000r\000o\000m\000e\000\040\000\050\000E\000a\000s\000y\000\051}{chapter.12}% 41
\BOOKMARK [1][]{lstnumber.-74.14}{\376\377\0003\000.\000\040\000L\000o\000n\000g\000e\000s\000t\000\040\000S\000u\000b\000s\000t\000r\000i\000n\000g\000\040\000W\000i\000t\000h\000o\000u\000t\000\040\000R\000e\000p\000e\000a\000t\000i\000n\000g\000\040\000C\000h\000a\000r\000a\000c\000t\000e\000r\000s\000\040\000\050\000M\000e\000d\000i\000u\000m\000\051}{chapter.12}% 42
\BOOKMARK [0][]{chapter.13}{\376\377\0001\0003\000\040\224\376\210\150}{}% 43
\BOOKMARK [1][]{section*.13}{\376\377\0008\0003\000.\000\040\000R\000e\000m\000o\000v\000e\000\040\000D\000u\000p\000l\000i\000c\000a\000t\000e\000s\000\040\000f\000r\000o\000m\000\040\000S\000o\000r\000t\000e\000d\000\040\000L\000i\000s\000t\000\040\000\050\000E\000a\000s\000y\000\051}{chapter.13}% 44
\BOOKMARK [1][]{lstnumber.-78.16}{\376\377\0003\0002\0008\000.\000\040\000O\000d\000d\000\040\000E\000v\000e\000n\000\040\000L\000i\000n\000k\000e\000d\000\040\000L\000i\000s\000t\000\040\000\050\000M\000e\000d\000i\000u\000m\000\051}{chapter.13}% 45
\BOOKMARK [1][]{lstnumber.-80.16}{\376\377\0001\0009\000.\000\040\000R\000e\000m\000o\000v\000e\000\040\000N\000t\000h\000\040\000N\000o\000d\000e\000\040\000F\000r\000o\000m\000\040\000E\000n\000d\000\040\000o\000f\000\040\000L\000i\000s\000t\000\040\000\050\000M\000e\000d\000i\000u\000m\000\051}{chapter.13}% 46
\BOOKMARK [1][]{lstnumber.-83.16}{\376\377\0001\0004\0008\000.\000\040\000S\000o\000r\000t\000\040\000L\000i\000s\000t\000\040\000\050\000M\000e\000d\000i\000u\000m\000\051}{chapter.13}% 47
\BOOKMARK [0][]{chapter.14}{\376\377\0001\0004\000\040\150\021}{}% 48
\BOOKMARK [1][]{section*.14}{\376\377\0002\0002\0006\000.\000\040\000I\000n\000v\000e\000r\000t\000\040\000B\000i\000n\000a\000r\000y\000\040\000T\000r\000e\000e\000\040\000\050\000E\000a\000s\000y\000\051}{chapter.14}% 49
\BOOKMARK [1][]{lstnumber.-88.10}{\376\377\0006\0001\0007\000.\000\040\000M\000e\000r\000g\000e\000\040\000T\000w\000o\000\040\000B\000i\000n\000a\000r\000y\000\040\000T\000r\000e\000e\000s\000\040\000\050\000E\000a\000s\000y\000\051}{chapter.14}% 50
\BOOKMARK [1][]{lstnumber.-91.49}{\376\377\0005\0007\0002\000.\000\040\000S\000u\000b\000t\000r\000e\000e\000\040\000o\000f\000\040\000A\000n\000o\000t\000h\000e\000r\000\040\000T\000r\000e\000e\000\040\000\050\000E\000a\000s\000y\000\051}{chapter.14}% 51
\BOOKMARK [1][]{lstnumber.-95.53}{\376\377\0004\0000\0004\000.\000\040\000S\000u\000m\000\040\000o\000f\000\040\000L\000e\000f\000t\000\040\000L\000e\000a\000v\000e\000s\000\040\000\050\000E\000a\000s\000y\000\051}{chapter.14}% 52
\BOOKMARK [1][]{lstnumber.-99.31}{\376\377\0005\0001\0003\000.\000\040\000F\000i\000n\000d\000\040\000B\000o\000t\000t\000o\000m\000\040\000L\000e\000f\000t\000\040\000T\000r\000e\000e\000\040\000V\000a\000l\000u\000e\000\040\000\050\000E\000a\000s\000y\000\051}{chapter.14}% 53
\BOOKMARK [1][]{lstnumber.-102.17}{\376\377\0002\0003\0005\000.\000\040\000L\000o\000w\000e\000s\000t\000\040\000C\000o\000m\000m\000o\000n\000\040\000A\000n\000c\000e\000s\000t\000o\000r\000\040\000o\000f\000\040\000a\000\040\000B\000i\000n\000a\000r\000y\000\040\000S\000e\000a\000r\000c\000h\000\040\000T\000r\000e\000e\000\040\000\050\000E\000a\000s\000y\000\051}{chapter.14}% 54
\BOOKMARK [0][]{chapter.15}{\376\377\0001\0005\000\040\126\376}{}% 55
\BOOKMARK [0][]{chapter.16}{\376\377\0001\0006\000\040\146\364\122\240\131\015\147\102\166\204\145\160\143\156\176\323\147\204}{}% 56
